{
  "stats": {
    "suites": 0,
    "tests": 9,
    "passes": 9,
    "pending": 0,
    "failures": 0,
    "start": "2022-01-28T15:59:42.011Z",
    "end": "2022-01-28T15:59:50.036Z",
    "duration": 8025,
    "testsRegistered": 9,
    "passPercent": 100,
    "pendingPercent": 0,
    "other": 0,
    "hasOther": false,
    "skipped": 0,
    "hasSkipped": false
  },
  "results": [
    {
      "uuid": "a72d6373-7a4b-4272-a1b3-cec5d36e8f87",
      "title": "",
      "fullFile": "cypress/integration/SignUpPage.js",
      "file": "cypress/integration/SignUpPage.js",
      "beforeHooks": [],
      "afterHooks": [],
      "tests": [
        {
          "title": "Testing",
          "fullTitle": "Testing",
          "timedOut": null,
          "duration": 3771,
          "state": "passed",
          "speed": "fast",
          "pass": true,
          "fail": false,
          "pending": false,
          "context": null,
          "code": "cy.visit('https://dashboard.xendit.co/register/1');",
          "err": {},
          "uuid": "107657dc-2724-4269-9451-70b22804aa90",
          "parentUUID": "a72d6373-7a4b-4272-a1b3-cec5d36e8f87",
          "isHook": false,
          "skipped": false
        },
        {
          "title": "fullname",
          "fullTitle": "fullname",
          "timedOut": null,
          "duration": 352,
          "state": "passed",
          "speed": "fast",
          "pass": true,
          "fail": false,
          "pending": false,
          "context": null,
          "code": "cy.get(':nth-child(2) > .input-text-content > input').type('Johnny Bravo');",
          "err": {},
          "uuid": "4f18fbaa-4452-4601-9841-7bf683937a08",
          "parentUUID": "a72d6373-7a4b-4272-a1b3-cec5d36e8f87",
          "isHook": false,
          "skipped": false
        },
        {
          "title": "bname",
          "fullTitle": "bname",
          "timedOut": null,
          "duration": 395,
          "state": "passed",
          "speed": "fast",
          "pass": true,
          "fail": false,
          "pending": false,
          "context": null,
          "code": "cy.get(':nth-child(3) > .input-text-content > input').type('Photography Studio');",
          "err": {},
          "uuid": "658bf27f-05a1-4fc8-9a62-12932dd17f9e",
          "parentUUID": "a72d6373-7a4b-4272-a1b3-cec5d36e8f87",
          "isHook": false,
          "skipped": false
        },
        {
          "title": "country",
          "fullTitle": "country",
          "timedOut": null,
          "duration": 1176,
          "state": "passed",
          "speed": "fast",
          "pass": true,
          "fail": false,
          "pending": false,
          "context": null,
          "code": "//cy.get('.selector-selected').select('Select Country').should('have.value','Philippines')\n//cy.get('.selector-options-section > :nth-child(2)').select('Select Country').should('have.value','Philippines')\n//cy.get('select').select('Philippines')\n//cy.get('.selector-selected').select('Philippines')\n//cy.get('.selector-selected').select('Philippines').should('have.value','Philippines').click()\ncy.get('.selector-selected').click();\ncy.wait(1000);\ncy.get('.selector-options-section > :nth-child(2)').click();",
          "err": {},
          "uuid": "73d9f00a-e996-424c-ad29-b3eac29a79a2",
          "parentUUID": "a72d6373-7a4b-4272-a1b3-cec5d36e8f87",
          "isHook": false,
          "skipped": false
        },
        {
          "title": "email",
          "fullTitle": "email",
          "timedOut": null,
          "duration": 468,
          "state": "passed",
          "speed": "fast",
          "pass": true,
          "fail": false,
          "pending": false,
          "context": null,
          "code": "cy.get(':nth-child(5) > .input-text-content > input').type('kclyncabelin@yahoo.com');",
          "err": {},
          "uuid": "23bf6729-dc3e-4013-9ea5-e1b7ca80bbc7",
          "parentUUID": "a72d6373-7a4b-4272-a1b3-cec5d36e8f87",
          "isHook": false,
          "skipped": false
        },
        {
          "title": "password",
          "fullTitle": "password",
          "timedOut": null,
          "duration": 297,
          "state": "passed",
          "speed": "fast",
          "pass": true,
          "fail": false,
          "pending": false,
          "context": null,
          "code": "cy.get(':nth-child(6) > .input-text-content > input').type('magandaako08');",
          "err": {},
          "uuid": "b9c8bcbd-2187-44de-b2dc-3efc7c561e64",
          "parentUUID": "a72d6373-7a4b-4272-a1b3-cec5d36e8f87",
          "isHook": false,
          "skipped": false
        },
        {
          "title": "checkbox",
          "fullTitle": "checkbox",
          "timedOut": null,
          "duration": 84,
          "state": "passed",
          "speed": "fast",
          "pass": true,
          "fail": false,
          "pending": false,
          "context": null,
          "code": "cy.get('#term-agreement').check();",
          "err": {},
          "uuid": "2cd26302-c5da-459d-9a53-091a70614ff1",
          "parentUUID": "a72d6373-7a4b-4272-a1b3-cec5d36e8f87",
          "isHook": false,
          "skipped": false
        },
        {
          "title": "freeAccount",
          "fullTitle": "freeAccount",
          "timedOut": null,
          "duration": 164,
          "state": "passed",
          "speed": "fast",
          "pass": true,
          "fail": false,
          "pending": false,
          "context": null,
          "code": "cy.get('button[type=\"submit\"]').click();",
          "err": {},
          "uuid": "83cd61a1-f295-4805-a790-158f34397607",
          "parentUUID": "a72d6373-7a4b-4272-a1b3-cec5d36e8f87",
          "isHook": false,
          "skipped": false
        },
        {
          "title": "verifyEmail",
          "fullTitle": "verifyEmail",
          "timedOut": null,
          "duration": 23,
          "state": "passed",
          "speed": "fast",
          "pass": true,
          "fail": false,
          "pending": false,
          "context": null,
          "code": "cy.get('.btn').click;",
          "err": {},
          "uuid": "005430d0-d555-4f25-b255-05cd60ae33db",
          "parentUUID": "a72d6373-7a4b-4272-a1b3-cec5d36e8f87",
          "isHook": false,
          "skipped": false
        }
      ],
      "suites": [],
      "passes": [
        "107657dc-2724-4269-9451-70b22804aa90",
        "4f18fbaa-4452-4601-9841-7bf683937a08",
        "658bf27f-05a1-4fc8-9a62-12932dd17f9e",
        "73d9f00a-e996-424c-ad29-b3eac29a79a2",
        "23bf6729-dc3e-4013-9ea5-e1b7ca80bbc7",
        "b9c8bcbd-2187-44de-b2dc-3efc7c561e64",
        "2cd26302-c5da-459d-9a53-091a70614ff1",
        "83cd61a1-f295-4805-a790-158f34397607",
        "005430d0-d555-4f25-b255-05cd60ae33db"
      ],
      "failures": [],
      "pending": [],
      "skipped": [],
      "duration": 6730,
      "root": true,
      "rootEmpty": false,
      "_timeout": 2000
    }
  ],
  "meta": {
    "mocha": {
      "version": "7.0.1"
    },
    "mochawesome": {
      "options": {
        "quiet": false,
        "reportFilename": "mochawesome",
        "saveHtml": false,
        "saveJson": true,
        "consoleReporter": "spec",
        "useInlineDiffs": false,
        "code": true
      },
      "version": "7.0.1"
    },
    "marge": {
      "options": {
        "overwrite": false,
        "html": false,
        "json": true,
        "charts": true,
        "reportDir": "cypress/reports"
      },
      "version": "6.0.1"
    }
  }
}