{
  "stats": {
    "suites": 0,
    "tests": 6,
    "passes": 6,
    "pending": 0,
    "failures": 0,
    "start": "2022-01-28T15:58:43.549Z",
    "end": "2022-01-28T15:59:25.424Z",
    "duration": 41875,
    "testsRegistered": 6,
    "passPercent": 100,
    "pendingPercent": 0,
    "other": 0,
    "hasOther": false,
    "skipped": 0,
    "hasSkipped": false
  },
  "results": [
    {
      "uuid": "dc3502d3-dada-4a81-8928-8d9ca2061c04",
      "title": "",
      "fullFile": "cypress/integration/SettingsPage.js",
      "file": "cypress/integration/SettingsPage.js",
      "beforeHooks": [],
      "afterHooks": [],
      "tests": [
        {
          "title": "login",
          "fullTitle": "login",
          "timedOut": null,
          "duration": 3222,
          "state": "passed",
          "speed": "fast",
          "pass": true,
          "fail": false,
          "pending": false,
          "context": null,
          "code": "cy.visit('https://dashboard.xendit.co/login');",
          "err": {},
          "uuid": "023917da-a921-4234-8b7c-5ae3d02eb8b2",
          "parentUUID": "dc3502d3-dada-4a81-8928-8d9ca2061c04",
          "isHook": false,
          "skipped": false
        },
        {
          "title": "email",
          "fullTitle": "email",
          "timedOut": null,
          "duration": 501,
          "state": "passed",
          "speed": "fast",
          "pass": true,
          "fail": false,
          "pending": false,
          "context": null,
          "code": "cy.get('.mb-16 > .input-text-content > input').type('kclyncabelin@yahoo.com');",
          "err": {},
          "uuid": "dd4f4f68-632f-4695-8e6a-f13c5d807929",
          "parentUUID": "dc3502d3-dada-4a81-8928-8d9ca2061c04",
          "isHook": false,
          "skipped": false
        },
        {
          "title": "password",
          "fullTitle": "password",
          "timedOut": null,
          "duration": 309,
          "state": "passed",
          "speed": "fast",
          "pass": true,
          "fail": false,
          "pending": false,
          "context": null,
          "code": "cy.get(':nth-child(2) > .input-text-content > input').type('magandaako08');",
          "err": {},
          "uuid": "d8b4c8c4-5c0f-46ba-ae50-980b986ce0dd",
          "parentUUID": "dc3502d3-dada-4a81-8928-8d9ca2061c04",
          "isHook": false,
          "skipped": false
        },
        {
          "title": "btnlogin",
          "fullTitle": "btnlogin",
          "timedOut": null,
          "duration": 10099,
          "state": "passed",
          "speed": "slow",
          "pass": true,
          "fail": false,
          "pending": false,
          "context": null,
          "code": "cy.get('.d-flex > .btn').click();\ncy.wait(10000);",
          "err": {},
          "uuid": "bbae0715-e455-4176-853e-a840dcdce628",
          "parentUUID": "dc3502d3-dada-4a81-8928-8d9ca2061c04",
          "isHook": false,
          "skipped": false
        },
        {
          "title": "settingsPage",
          "fullTitle": "settingsPage",
          "timedOut": null,
          "duration": 15580,
          "state": "passed",
          "speed": "slow",
          "pass": true,
          "fail": false,
          "pending": false,
          "context": null,
          "code": "cy.location('pathname', {\n  timeout: 20000\n}).should('contain', '/home');\ncy.get('#lhs-settings').click();\ncy.location('pathname', {\n  timeout: 20000\n}).should('contain', '/settings');\ncy.get('[href=\"/settings/developers#api-keys\"] > .color-primary').click({\n  force: true\n});\ncy.location('pathname', {\n  timeout: 20000\n}).should('contain', '/settings/developers');\ncy.get(':nth-child(1) > :nth-child(4) > .d-flex > [src=\"/assets/images/icons/icon_edit_grey.svg\"]').click({\n  force: true\n});\ncy.get(':nth-child(3) > .justify-content-between > .d-flex > .button-selector-right', {\n  timeout: 20000\n}).click();\ncy.get(':nth-child(4) > .justify-content-between > .d-flex > .button-selector-right', {\n  timeout: 20000\n}).click();\ncy.get(':nth-child(5) > .justify-content-between > .d-flex > .button-selector-right', {\n  timeout: 20000\n}).click();\ncy.get('.modal-footer > .btn-primary').click({\n  multiple: true\n});\ncy.get('.mt-3 > .input-text > .input-text-content > input').type('magandaako08');\ncy.get('.password-modal-footer > .btn-primary').click({\n  timeout: 20000\n});\ncy.get('.confirmation-modal-button-container > .btn').click({\n  timeout: 20000\n});",
          "err": {},
          "uuid": "0d03e580-d26e-497c-a224-ce8e1e81c111",
          "parentUUID": "dc3502d3-dada-4a81-8928-8d9ca2061c04",
          "isHook": false,
          "skipped": false
        },
        {
          "title": "callBacks",
          "fullTitle": "callBacks",
          "timedOut": null,
          "duration": 9737,
          "state": "passed",
          "speed": "medium",
          "pass": true,
          "fail": false,
          "pending": false,
          "context": null,
          "code": "cy.location('pathname', {\n  timeout: 20000\n}).should('contain', '/home');\ncy.get('#lhs-callbacks').click();\ncy.location('pathname', {\n  timeout: 20000\n}).should('contain', '/callbacks');\ncy.get(':nth-child(1) > .xendit-dropdown > .filter-item > .xendit-dropdown-display-text').click({\n  timeout: 10000\n});\ncy.get(':nth-child(2) > :nth-child(1) > li > .checkbox-container').click({\n  force: true\n});\ncy.get(':nth-child(6) > li > .checkbox-container').click({\n  force: true\n});\ncy.get('.new-filter-check-all > .btn-primary').should('not.be.disabled').click();\ncy.get('.content').click();\ncy.get('#header-business-selector > .d-flex').click({\n  timeout: 800\n});\ncy.get('.py-12 > .text-sm').should('not.be.disabled').click();",
          "err": {},
          "uuid": "97ada5ec-1cde-4701-9329-089fd8b43a17",
          "parentUUID": "dc3502d3-dada-4a81-8928-8d9ca2061c04",
          "isHook": false,
          "skipped": false
        }
      ],
      "suites": [],
      "passes": [
        "023917da-a921-4234-8b7c-5ae3d02eb8b2",
        "dd4f4f68-632f-4695-8e6a-f13c5d807929",
        "d8b4c8c4-5c0f-46ba-ae50-980b986ce0dd",
        "bbae0715-e455-4176-853e-a840dcdce628",
        "0d03e580-d26e-497c-a224-ce8e1e81c111",
        "97ada5ec-1cde-4701-9329-089fd8b43a17"
      ],
      "failures": [],
      "pending": [],
      "skipped": [],
      "duration": 39448,
      "root": true,
      "rootEmpty": false,
      "_timeout": 2000
    }
  ],
  "meta": {
    "mocha": {
      "version": "7.0.1"
    },
    "mochawesome": {
      "options": {
        "quiet": false,
        "reportFilename": "mochawesome",
        "saveHtml": false,
        "saveJson": true,
        "consoleReporter": "spec",
        "useInlineDiffs": false,
        "code": true
      },
      "version": "7.0.1"
    },
    "marge": {
      "options": {
        "overwrite": false,
        "html": false,
        "json": true,
        "charts": true,
        "reportDir": "cypress/reports"
      },
      "version": "6.0.1"
    }
  }
}