{
  "stats": {
    "suites": 0,
    "tests": 4,
    "passes": 4,
    "pending": 0,
    "failures": 0,
    "start": "2022-01-28T15:59:26.838Z",
    "end": "2022-01-28T15:59:41.188Z",
    "duration": 14350,
    "testsRegistered": 4,
    "passPercent": 100,
    "pendingPercent": 0,
    "other": 0,
    "hasOther": false,
    "skipped": 0,
    "hasSkipped": false
  },
  "results": [
    {
      "uuid": "6ec90d6e-1e31-4afa-802e-3bd4bfe66bff",
      "title": "",
      "fullFile": "cypress/integration/SignInPage.js",
      "file": "cypress/integration/SignInPage.js",
      "beforeHooks": [],
      "afterHooks": [],
      "tests": [
        {
          "title": "login",
          "fullTitle": "login",
          "timedOut": null,
          "duration": 2485,
          "state": "passed",
          "speed": "fast",
          "pass": true,
          "fail": false,
          "pending": false,
          "context": null,
          "code": "cy.visit('https://dashboard.xendit.co/login');",
          "err": {},
          "uuid": "3762b70b-ebbd-4186-b7c3-9ba36c610eed",
          "parentUUID": "6ec90d6e-1e31-4afa-802e-3bd4bfe66bff",
          "isHook": false,
          "skipped": false
        },
        {
          "title": "email",
          "fullTitle": "email",
          "timedOut": null,
          "duration": 524,
          "state": "passed",
          "speed": "fast",
          "pass": true,
          "fail": false,
          "pending": false,
          "context": null,
          "code": "cy.get('.mb-16 > .input-text-content > input').type('kclyncabelin@yahoo.com');",
          "err": {},
          "uuid": "e20b5bd3-bb28-45fe-8ef4-27b9572f6073",
          "parentUUID": "6ec90d6e-1e31-4afa-802e-3bd4bfe66bff",
          "isHook": false,
          "skipped": false
        },
        {
          "title": "password",
          "fullTitle": "password",
          "timedOut": null,
          "duration": 290,
          "state": "passed",
          "speed": "fast",
          "pass": true,
          "fail": false,
          "pending": false,
          "context": null,
          "code": "cy.get(':nth-child(2) > .input-text-content > input').type('magandaako08');",
          "err": {},
          "uuid": "84559464-2ce8-4dba-a43f-adfd2f799c7e",
          "parentUUID": "6ec90d6e-1e31-4afa-802e-3bd4bfe66bff",
          "isHook": false,
          "skipped": false
        },
        {
          "title": "btnlogin",
          "fullTitle": "btnlogin",
          "timedOut": null,
          "duration": 10093,
          "state": "passed",
          "speed": "slow",
          "pass": true,
          "fail": false,
          "pending": false,
          "context": null,
          "code": "cy.get('.d-flex > .btn').click();\ncy.wait(10000);",
          "err": {},
          "uuid": "ff693c8b-0da0-4be6-9e0a-c1c07dbb3db8",
          "parentUUID": "6ec90d6e-1e31-4afa-802e-3bd4bfe66bff",
          "isHook": false,
          "skipped": false
        }
      ],
      "suites": [],
      "passes": [
        "3762b70b-ebbd-4186-b7c3-9ba36c610eed",
        "e20b5bd3-bb28-45fe-8ef4-27b9572f6073",
        "84559464-2ce8-4dba-a43f-adfd2f799c7e",
        "ff693c8b-0da0-4be6-9e0a-c1c07dbb3db8"
      ],
      "failures": [],
      "pending": [],
      "skipped": [],
      "duration": 13392,
      "root": true,
      "rootEmpty": false,
      "_timeout": 2000
    }
  ],
  "meta": {
    "mocha": {
      "version": "7.0.1"
    },
    "mochawesome": {
      "options": {
        "quiet": false,
        "reportFilename": "mochawesome",
        "saveHtml": false,
        "saveJson": true,
        "consoleReporter": "spec",
        "useInlineDiffs": false,
        "code": true
      },
      "version": "7.0.1"
    },
    "marge": {
      "options": {
        "overwrite": false,
        "html": false,
        "json": true,
        "charts": true,
        "reportDir": "cypress/reports"
      },
      "version": "6.0.1"
    }
  }
}